<?xml version="1.0" encoding="UTF-8"?>
<coverage generated="1647617792370" clover="3.2.0">
  <project timestamp="1647617792370" name="All files">
    <metrics statements="20" coveredstatements="18" conditionals="2" coveredconditionals="2" methods="10" coveredmethods="9" elements="32" coveredelements="29" complexity="0" loc="20" ncloc="20" packages="2" files="3" classes="3"/>
    <package name="xtext-extractor">
      <metrics statements="14" coveredstatements="13" conditionals="2" coveredconditionals="2" methods="6" coveredmethods="6"/>
      <file name="extractor.ts" path="/home/zlatin/code/personal/xtext-extractor/extractor.ts">
        <metrics statements="14" coveredstatements="13" conditionals="2" coveredconditionals="2" methods="6" coveredmethods="6"/>
        <line num="14" count="1" type="stmt"/>
        <line num="22" count="6" type="stmt"/>
        <line num="29" count="1" type="stmt"/>
        <line num="33" count="2" type="stmt"/>
        <line num="34" count="2" type="stmt"/>
        <line num="35" count="2" type="stmt"/>
        <line num="37" count="0" type="stmt"/>
        <line num="42" count="2" type="stmt"/>
        <line num="43" count="2" type="stmt"/>
        <line num="48" count="5" type="stmt"/>
        <line num="49" count="5" type="stmt"/>
        <line num="50" count="5" type="cond" truecount="2" falsecount="0"/>
        <line num="51" count="2" type="stmt"/>
        <line num="54" count="3" type="stmt"/>
      </file>
    </package>
    <package name="xtext-extractor.strategy">
      <metrics statements="6" coveredstatements="5" conditionals="0" coveredconditionals="0" methods="4" coveredmethods="3"/>
      <file name="abstractStrategy.ts" path="/home/zlatin/code/personal/xtext-extractor/strategy/abstractStrategy.ts">
        <metrics statements="1" coveredstatements="0" conditionals="0" coveredconditionals="0" methods="2" coveredmethods="1"/>
        <line num="5" count="0" type="stmt"/>
      </file>
      <file name="pdfStrategy.ts" path="/home/zlatin/code/personal/xtext-extractor/strategy/pdfStrategy.ts">
        <metrics statements="5" coveredstatements="5" conditionals="0" coveredconditionals="0" methods="2" coveredmethods="2"/>
        <line num="5" count="2" type="stmt"/>
        <line num="13" count="2" type="stmt"/>
        <line num="14" count="2" type="stmt"/>
        <line num="15" count="2" type="stmt"/>
        <line num="19" count="2" type="stmt"/>
      </file>
    </package>
  </project>
</coverage>
