{"/home/zlatin/code/personal/xtext-extractor/extractor.ts": {"path":"/home/zlatin/code/personal/xtext-extractor/extractor.ts","statementMap":{"0":{"start":{"line":14,"column":6},"end":{"line":14,"column":29}},"1":{"start":{"line":22,"column":4},"end":{"line":22,"column":50}},"2":{"start":{"line":29,"column":4},"end":{"line":29,"column":65}},"3":{"start":{"line":33,"column":4},"end":{"line":38,"column":5}},"4":{"start":{"line":34,"column":25},"end":{"line":34,"column":58}},"5":{"start":{"line":35,"column":6},"end":{"line":35,"column":30}},"6":{"start":{"line":37,"column":6},"end":{"line":37,"column":62}},"7":{"start":{"line":42,"column":4},"end":{"line":42,"column":30}},"8":{"start":{"line":43,"column":4},"end":{"line":43,"column":35}},"9":{"start":{"line":48,"column":20},"end":{"line":48,"column":42}},"10":{"start":{"line":49,"column":24},"end":{"line":49,"column":72}},"11":{"start":{"line":50,"column":2},"end":{"line":52,"column":3}},"12":{"start":{"line":51,"column":4},"end":{"line":51,"column":58}},"13":{"start":{"line":54,"column":2},"end":{"line":54,"column":75}}},"fnMap":{"0":{"name":"(anonymous_0)","decl":{"start":{"line":16,"column":2},"end":{"line":16,"column":3}},"loc":{"start":{"line":19,"column":4},"end":{"line":19,"column":6}},"line":19},"1":{"name":"(anonymous_1)","decl":{"start":{"line":21,"column":2},"end":{"line":21,"column":3}},"loc":{"start":{"line":21,"column":46},"end":{"line":23,"column":3}},"line":21},"2":{"name":"(anonymous_2)","decl":{"start":{"line":25,"column":2},"end":{"line":25,"column":3}},"loc":{"start":{"line":28,"column":4},"end":{"line":30,"column":3}},"line":28},"3":{"name":"(anonymous_3)","decl":{"start":{"line":32,"column":2},"end":{"line":32,"column":3}},"loc":{"start":{"line":32,"column":31},"end":{"line":39,"column":3}},"line":32},"4":{"name":"(anonymous_4)","decl":{"start":{"line":41,"column":2},"end":{"line":41,"column":3}},"loc":{"start":{"line":41,"column":42},"end":{"line":44,"column":3}},"line":41},"5":{"name":"extractorFactory","decl":{"start":{"line":47,"column":16},"end":{"line":47,"column":32}},"loc":{"start":{"line":47,"column":66},"end":{"line":55,"column":1}},"line":47}},"branchMap":{"0":{"loc":{"start":{"line":50,"column":2},"end":{"line":52,"column":3}},"type":"if","locations":[{"start":{"line":50,"column":2},"end":{"line":52,"column":3}},{"start":{},"end":{}}],"line":50}},"s":{"0":1,"1":6,"2":1,"3":2,"4":2,"5":2,"6":0,"7":2,"8":2,"9":5,"10":5,"11":5,"12":2,"13":3},"f":{"0":3,"1":6,"2":1,"3":2,"4":2,"5":5},"b":{"0":[2,3]},"_coverageSchema":"1a1c01bbd47fc00a2c39e90264f33305004495a9","hash":"7dcb33101e04a8cd08df0583a4908593d3a344c2"}
,"/home/zlatin/code/personal/xtext-extractor/strategy/abstractStrategy.ts": {"path":"/home/zlatin/code/personal/xtext-extractor/strategy/abstractStrategy.ts","statementMap":{"0":{"start":{"line":5,"column":4},"end":{"line":5,"column":36}}},"fnMap":{"0":{"name":"(anonymous_0)","decl":{"start":{"line":2,"column":2},"end":{"line":2,"column":3}},"loc":{"start":{"line":2,"column":42},"end":{"line":2,"column":44}},"line":2},"1":{"name":"(anonymous_1)","decl":{"start":{"line":4,"column":2},"end":{"line":4,"column":3}},"loc":{"start":{"line":4,"column":35},"end":{"line":6,"column":3}},"line":4}},"branchMap":{},"s":{"0":0},"f":{"0":5,"1":0},"b":{},"_coverageSchema":"1a1c01bbd47fc00a2c39e90264f33305004495a9","hash":"6d8449876ca14222bf1f91aaeb1827d62a45571f"}
,"/home/zlatin/code/personal/xtext-extractor/strategy/pdfStrategy.ts": {"path":"/home/zlatin/code/personal/xtext-extractor/strategy/pdfStrategy.ts","statementMap":{"0":{"start":{"line":5,"column":13},"end":{"line":5,"column":46}},"1":{"start":{"line":13,"column":20},"end":{"line":13,"column":46}},"2":{"start":{"line":14,"column":35},"end":{"line":14,"column":54}},"3":{"start":{"line":15,"column":4},"end":{"line":15,"column":27}},"4":{"start":{"line":19,"column":4},"end":{"line":19,"column":42}}},"fnMap":{"0":{"name":"(anonymous_0)","decl":{"start":{"line":12,"column":2},"end":{"line":12,"column":3}},"loc":{"start":{"line":12,"column":42},"end":{"line":16,"column":3}},"line":12},"1":{"name":"(anonymous_1)","decl":{"start":{"line":18,"column":2},"end":{"line":18,"column":3}},"loc":{"start":{"line":18,"column":32},"end":{"line":20,"column":3}},"line":18}},"branchMap":{},"s":{"0":2,"1":2,"2":2,"3":2,"4":2},"f":{"0":2,"1":2},"b":{},"_coverageSchema":"1a1c01bbd47fc00a2c39e90264f33305004495a9","hash":"ed45d777f762fa736f62fca84fc3dc8594dc0011"}
}
