TN:
SF:extractor.ts
FN:16,(anonymous_0)
FN:21,(anonymous_1)
FN:25,(anonymous_2)
FN:32,(anonymous_3)
FN:41,(anonymous_4)
FN:47,extractorFactory
FNF:6
FNH:6
FNDA:3,(anonymous_0)
FNDA:6,(anonymous_1)
FNDA:1,(anonymous_2)
FNDA:2,(anonymous_3)
FNDA:2,(anonymous_4)
FNDA:5,extractorFactory
DA:14,1
DA:22,6
DA:29,1
DA:33,2
DA:34,2
DA:35,2
DA:37,0
DA:42,2
DA:43,2
DA:48,5
DA:49,5
DA:50,5
DA:51,2
DA:54,3
LF:14
LH:13
BRDA:50,0,0,2
BRDA:50,0,1,3
BRF:2
BRH:2
end_of_record
TN:
SF:strategy/abstractStrategy.ts
FN:2,(anonymous_0)
FN:4,(anonymous_1)
FNF:2
FNH:1
FNDA:5,(anonymous_0)
FNDA:0,(anonymous_1)
DA:5,0
LF:1
LH:0
BRF:0
BRH:0
end_of_record
TN:
SF:strategy/pdfStrategy.ts
FN:12,(anonymous_0)
FN:18,(anonymous_1)
FNF:2
FNH:2
FNDA:2,(anonymous_0)
FNDA:2,(anonymous_1)
DA:5,2
DA:13,2
DA:14,2
DA:15,2
DA:19,2
LF:5
LH:5
BRF:0
BRH:0
end_of_record
